app/build/intermediates/manifest_merge_blame_file/debug/manifest-merger-blame-debug-report.txt
1<?xml version="1.0" encoding="utf-8"?>
2<manifest xmlns:android="http://schemas.android.com/apk/res/android"
3    package="com.class_project.stupa"
4    android:versionCode="1"
5    android:versionName="1.0" >
6
7    <uses-sdk
8        android:minSdkVersion="25"
8-->src\main\AndroidManifest.xml
9        android:targetSdkVersion="31" />
9-->src\main\AndroidManifest.xml
10
11    <uses-permission android:name="android.permission.INTERNET" />
11-->src\main\AndroidManifest.xml:61:5-67
11-->src\main\AndroidManifest.xml:61:22-64
12    <uses-permission android:name="android.permission.ACCESS_NETWORK_STATE" />
12-->src\main\AndroidManifest.xml:63:5-79
12-->src\main\AndroidManifest.xml:63:22-76
13    <uses-permission android:name="android.permission.WRITE_EXTERNAL_STORAGE" />
13-->src\main\AndroidManifest.xml:65:5-81
13-->src\main\AndroidManifest.xml:65:22-78
14    <uses-permission android:name="android.permission.READ_EXTERNAL_STORAGE" />
14-->src\main\AndroidManifest.xml:67:5-80
14-->src\main\AndroidManifest.xml:67:22-77
15    <uses-permission android:name="android.permission.READ_MEDIA_STORAGE" />
15-->src\main\AndroidManifest.xml:69:5-77
15-->src\main\AndroidManifest.xml:69:22-74
16    <uses-permission android:name="android.permission.FOREGROUND_SERVICE" />
16-->src\main\AndroidManifest.xml:71:5-77
16-->src\main\AndroidManifest.xml:71:22-74
17    <uses-permission android:name="android.permission.WAKE_LOCK" />
17-->src\main\AndroidManifest.xml:73:5-68
17-->src\main\AndroidManifest.xml:73:22-65
18
19    <!-- 如果是安卓8.0，应用编译配置的targetSdkVersion>=26，请务必添加以下权限 -->
20    <uses-permission android:name="android.permission.REQUEST_INSTALL_PACKAGES" /> <!-- 应用市场9.0版本必须使用该权限获取用户的服务地 -->
20-->[com.huawei.hms:availableupdate:6.1.0.300] AndroidManifest.xml:14:5-83
20-->[com.huawei.hms:availableupdate:6.1.0.300] AndroidManifest.xml:14:22-80
21    <uses-permission android:name="com.huawei.appmarket.service.commondata.permission.GET_COMMON_DATA" />
21-->[com.huawei.hms:availableupdate:6.1.0.300] AndroidManifest.xml:16:5-106
21-->[com.huawei.hms:availableupdate:6.1.0.300] AndroidManifest.xml:16:22-103
22
23    <queries>
23-->[com.huawei.hms:availableupdate:6.1.0.300] AndroidManifest.xml:18:5-27:15
24        <intent>
24-->[com.huawei.hms:availableupdate:6.1.0.300] AndroidManifest.xml:19:9-21:18
25            <action android:name="com.apptouch.intent.action.update_hms" />
25-->[com.huawei.hms:availableupdate:6.1.0.300] AndroidManifest.xml:20:13-76
25-->[com.huawei.hms:availableupdate:6.1.0.300] AndroidManifest.xml:20:21-73
26        </intent>
27        <intent>
27-->[com.huawei.hms:availableupdate:6.1.0.300] AndroidManifest.xml:22:9-24:18
28            <action android:name="com.huawei.appmarket.intent.action.AppDetail" />
28-->[com.huawei.hms:availableupdate:6.1.0.300] AndroidManifest.xml:23:13-83
28-->[com.huawei.hms:availableupdate:6.1.0.300] AndroidManifest.xml:23:21-80
29        </intent>
30
31        <package android:name="com.hisilicon.android.hiRMService" />
31-->[com.huawei.hms:availableupdate:6.1.0.300] AndroidManifest.xml:26:9-69
31-->[com.huawei.hms:availableupdate:6.1.0.300] AndroidManifest.xml:26:18-66
32
33        <intent>
33-->[com.huawei.hms:device:6.1.0.300] AndroidManifest.xml:15:9-17:18
34            <action android:name="com.huawei.hms.core.aidlservice" />
34-->[com.huawei.hms:device:6.1.0.300] AndroidManifest.xml:16:13-70
34-->[com.huawei.hms:device:6.1.0.300] AndroidManifest.xml:16:21-67
35        </intent>
36        <intent>
36-->[com.huawei.hms:device:6.1.0.300] AndroidManifest.xml:18:9-20:18
37            <action android:name="com.huawei.hms.core" />
37-->[com.huawei.hms:device:6.1.0.300] AndroidManifest.xml:19:13-58
37-->[com.huawei.hms:device:6.1.0.300] AndroidManifest.xml:19:21-55
38        </intent>
39    </queries>
40
41    <uses-permission android:name="android.permission.BLUETOOTH" />
41-->[com.huawei.hms:ads-core:3.4.50.300] AndroidManifest.xml:13:5-68
41-->[com.huawei.hms:ads-core:3.4.50.300] AndroidManifest.xml:13:22-65
42    <uses-permission android:name="android.permission.CAMERA" />
42-->[com.huawei.hms:ads-core:3.4.50.300] AndroidManifest.xml:14:5-65
42-->[com.huawei.hms:ads-core:3.4.50.300] AndroidManifest.xml:14:22-62
43    <uses-permission android:name="android.permission.READ_CALENDAR" />
43-->[com.huawei.hms:ads-core:3.4.50.300] AndroidManifest.xml:15:5-72
43-->[com.huawei.hms:ads-core:3.4.50.300] AndroidManifest.xml:15:22-69
44    <uses-permission android:name="android.permission.WRITE_CALENDAR" />
44-->[com.huawei.hms:ads-core:3.4.50.300] AndroidManifest.xml:16:5-73
44-->[com.huawei.hms:ads-core:3.4.50.300] AndroidManifest.xml:16:22-70
45    <uses-permission android:name="android.permission.ACCESS_WIFI_STATE" />
45-->[com.huawei.hms:ads-core:3.4.50.300] AndroidManifest.xml:19:5-76
45-->[com.huawei.hms:ads-core:3.4.50.300] AndroidManifest.xml:19:22-73
46    <uses-permission android:name="com.huawei.permission.sec.MDM.v2" />
46-->[com.huawei.hms:ads-core:3.4.50.300] AndroidManifest.xml:21:5-72
46-->[com.huawei.hms:ads-core:3.4.50.300] AndroidManifest.xml:21:22-69
47    <uses-permission android:name="com.hihonor.permission.sec.MDM.v2" />
47-->[com.huawei.hms:ads-core:3.4.50.300] AndroidManifest.xml:22:5-73
47-->[com.huawei.hms:ads-core:3.4.50.300] AndroidManifest.xml:22:22-70
48    <uses-permission android:name="android.permission.GET_TASKS" />
48-->[com.huawei.hms:ads-core:3.4.50.300] AndroidManifest.xml:23:5-68
48-->[com.huawei.hms:ads-core:3.4.50.300] AndroidManifest.xml:23:22-65
49    <uses-permission android:name="android.permission.REAL_GET_TASKS" />
49-->[com.huawei.hms:ads-core:3.4.50.300] AndroidManifest.xml:24:5-73
49-->[com.huawei.hms:ads-core:3.4.50.300] AndroidManifest.xml:24:22-70
50    <uses-permission android:name="com.huawei.permission.sec.ACCESS_UDID" />
50-->[com.huawei.hms:ads-core:3.4.50.300] AndroidManifest.xml:25:5-77
50-->[com.huawei.hms:ads-core:3.4.50.300] AndroidManifest.xml:25:22-74
51    <uses-permission android:name="com.hihonor.permission.sec.ACCESS_UDID" />
51-->[com.huawei.hms:ads-core:3.4.50.300] AndroidManifest.xml:26:5-78
51-->[com.huawei.hms:ads-core:3.4.50.300] AndroidManifest.xml:26:22-75
52    <uses-permission android:name="com.huawei.permission.app.DOWNLOAD" />
52-->[com.huawei.hms:ads-core:3.4.50.300] AndroidManifest.xml:27:5-74
52-->[com.huawei.hms:ads-core:3.4.50.300] AndroidManifest.xml:27:22-71
53    <uses-permission android:name="android.permission.QUERY_ALL_PACKAGES" />
53-->[com.huawei.hms:ads-core:3.4.50.300] AndroidManifest.xml:28:5-77
53-->[com.huawei.hms:ads-core:3.4.50.300] AndroidManifest.xml:28:22-74
54    <uses-permission android:name="com.android.permission.GET_INSTALLED_APPS" />
54-->[com.huawei.hms:ads-core:3.4.50.300] AndroidManifest.xml:29:5-81
54-->[com.huawei.hms:ads-core:3.4.50.300] AndroidManifest.xml:29:22-78
55    <uses-permission android:name="com.hihonor.permission.MANAGE_FOLD_SCREEN" />
55-->[com.huawei.hms:ads-core:3.4.50.300] AndroidManifest.xml:30:5-81
55-->[com.huawei.hms:ads-core:3.4.50.300] AndroidManifest.xml:30:22-78
56    <uses-permission android:name="com.hihonor.permission.MANAGE_FOLD_SCREEN_PRIVILEGED" />
56-->[com.huawei.hms:ads-core:3.4.50.300] AndroidManifest.xml:31:5-92
56-->[com.huawei.hms:ads-core:3.4.50.300] AndroidManifest.xml:31:22-89
57    <uses-permission android:name="android.permission.BROADCAST_STICKY" />
57-->[com.huawei.hms:ads-splash:13.4.50.300] AndroidManifest.xml:12:5-75
57-->[com.huawei.hms:ads-splash:13.4.50.300] AndroidManifest.xml:12:22-72
58
59    <application
59-->src\main\AndroidManifest.xml:5:5-58:19
60        android:name="com.class_project.stupa.AdSampleApplication"
60-->src\main\AndroidManifest.xml:7:9-44
61        android:allowBackup="true"
61-->src\main\AndroidManifest.xml:8:9-35
62        android:appComponentFactory="androidx.core.app.CoreComponentFactory"
62-->[androidx.core:core:1.7.0] AndroidManifest.xml:24:18-86
63        android:debuggable="true"
64        android:extractNativeLibs="false"
65        android:icon="@mipmap/ic_launcher"
65-->src\main\AndroidManifest.xml:9:9-43
66        android:label="@string/app_name"
66-->src\main\AndroidManifest.xml:10:9-41
67        android:roundIcon="@mipmap/ic_launcher_round"
67-->src\main\AndroidManifest.xml:11:9-54
68        android:supportsRtl="true"
68-->src\main\AndroidManifest.xml:12:9-35
69        android:testOnly="true"
70        android:theme="@style/Theme.Stupa"
70-->src\main\AndroidManifest.xml:13:9-43
71        android:usesCleartextTraffic="true" >
71-->src\main\AndroidManifest.xml:6:9-44
72        <activity
72-->src\main\AndroidManifest.xml:14:9-16:40
73            android:name="com.class_project.stupa.RefreshActivity"
73-->src\main\AndroidManifest.xml:15:13-44
74            android:exported="false" />
74-->src\main\AndroidManifest.xml:16:13-37
75        <activity
75-->src\main\AndroidManifest.xml:17:9-19:40
76            android:name="com.class_project.stupa.MyPlanAdapter"
76-->src\main\AndroidManifest.xml:18:13-42
77            android:exported="false" />
77-->src\main\AndroidManifest.xml:19:13-37
78        <activity
78-->src\main\AndroidManifest.xml:20:9-22:40
79            android:name="com.class_project.stupa.MuseumActivity"
79-->src\main\AndroidManifest.xml:21:13-43
80            android:exported="false" />
80-->src\main\AndroidManifest.xml:22:13-37
81        <activity
81-->src\main\AndroidManifest.xml:23:9-25:40
82            android:name="com.class_project.stupa.RestaurantActivity"
82-->src\main\AndroidManifest.xml:24:13-47
83            android:exported="false" />
83-->src\main\AndroidManifest.xml:25:13-37
84        <activity
84-->src\main\AndroidManifest.xml:26:9-28:40
85            android:name="com.class_project.stupa.BeachAdapter"
85-->src\main\AndroidManifest.xml:27:13-41
86            android:exported="false" />
86-->src\main\AndroidManifest.xml:28:13-37
87        <activity
87-->src\main\AndroidManifest.xml:29:9-31:40
88            android:name="com.class_project.stupa.BeachActivity"
88-->src\main\AndroidManifest.xml:30:13-42
89            android:exported="false" />
89-->src\main\AndroidManifest.xml:31:13-37
90        <activity
90-->src\main\AndroidManifest.xml:32:9-34:40
91            android:name="com.class_project.stupa.AdapterForAll"
91-->src\main\AndroidManifest.xml:33:13-42
92            android:exported="false" />
92-->src\main\AndroidManifest.xml:34:13-37
93        <activity
93-->src\main\AndroidManifest.xml:35:9-37:40
94            android:name="com.class_project.stupa.MallActivity"
94-->src\main\AndroidManifest.xml:36:13-41
95            android:exported="false" />
95-->src\main\AndroidManifest.xml:37:13-37
96        <activity
96-->src\main\AndroidManifest.xml:38:9-40:40
97            android:name="com.class_project.stupa.MyPlanActivity"
97-->src\main\AndroidManifest.xml:39:13-43
98            android:exported="false" />
98-->src\main\AndroidManifest.xml:40:13-37
99        <activity
99-->src\main\AndroidManifest.xml:41:9-43:40
100            android:name="com.class_project.stupa.DetailPlaceActivity"
100-->src\main\AndroidManifest.xml:42:13-48
101            android:exported="false" />
101-->src\main\AndroidManifest.xml:43:13-37
102        <activity
102-->src\main\AndroidManifest.xml:44:9-52:20
103            android:name="com.class_project.stupa.MainActivity"
103-->src\main\AndroidManifest.xml:45:13-41
104            android:exported="true" >
104-->src\main\AndroidManifest.xml:46:13-36
105            <intent-filter>
105-->src\main\AndroidManifest.xml:47:13-51:29
106                <action android:name="android.intent.action.MAIN" />
106-->src\main\AndroidManifest.xml:48:17-69
106-->src\main\AndroidManifest.xml:48:25-66
107
108                <category android:name="android.intent.category.LAUNCHER" />
108-->src\main\AndroidManifest.xml:50:17-77
108-->src\main\AndroidManifest.xml:50:27-74
109            </intent-filter>
110        </activity>
111
112        <meta-data
112-->src\main\AndroidManifest.xml:54:9-57:36
113            android:name="com.huawei.hms.client.channel.androidMarket"
113-->src\main\AndroidManifest.xml:56:13-71
114            android:resource="@array/preloaded_fonts"
114-->src\main\AndroidManifest.xml:55:13-54
115            android:value="false" />
115-->src\main\AndroidManifest.xml:57:13-34
116        <meta-data
116-->[com.huawei.hms:audiokit-player:1.4.0.300] AndroidManifest.xml:12:9-14:64
117            android:name="com.huawei.hms.client.service.name:huawei_module_audiokit"
117-->[com.huawei.hms:audiokit-player:1.4.0.300] AndroidManifest.xml:13:13-85
118            android:value="huawei_module_audiokit:1.4.0.300" />
118-->[com.huawei.hms:audiokit-player:1.4.0.300] AndroidManifest.xml:14:13-61
119        <meta-data
119-->[com.huawei.hms:audiokit-player:1.4.0.300] AndroidManifest.xml:15:9-17:34
120            android:name="com.huawei.hms.min_api_level:huawei_module_audiokit:huawei_module_audiokit"
120-->[com.huawei.hms:audiokit-player:1.4.0.300] AndroidManifest.xml:16:13-102
121            android:value="10" /> <!-- 播放服务 -->
121-->[com.huawei.hms:audiokit-player:1.4.0.300] AndroidManifest.xml:17:13-31
122        <service
122-->[com.huawei.hms:audiokit-player:1.4.0.300] AndroidManifest.xml:19:9-22:44
123            android:name="com.huawei.hms.audiokit.player.manager.service.MediaPlaybackSDKService"
123-->[com.huawei.hms:audiokit-player:1.4.0.300] AndroidManifest.xml:20:13-98
124            android:exported="false"
124-->[com.huawei.hms:audiokit-player:1.4.0.300] AndroidManifest.xml:21:13-37
125            android:stopWithTask="false" /> <!-- 触发升级弹框的透明activity -->
125-->[com.huawei.hms:audiokit-player:1.4.0.300] AndroidManifest.xml:22:13-41
126        <activity
126-->[com.huawei.hms:audiokit-player:1.4.0.300] AndroidManifest.xml:24:9-27:75
127            android:name="com.huawei.hms.audiokit.player.manager.UpdateActivity"
127-->[com.huawei.hms:audiokit-player:1.4.0.300] AndroidManifest.xml:25:13-81
128            android:exported="false"
128-->[com.huawei.hms:audiokit-player:1.4.0.300] AndroidManifest.xml:26:13-37
129            android:theme="@android:style/Theme.Translucent.NoTitleBar" /> <!-- 用于判断是否集成了本lib -->
129-->[com.huawei.hms:audiokit-player:1.4.0.300] AndroidManifest.xml:27:13-72
130        <meta-data
130-->[com.huawei.hms:availableupdate:6.1.0.300] AndroidManifest.xml:32:9-34:35
131            android:name="availableLoaded"
131-->[com.huawei.hms:availableupdate:6.1.0.300] AndroidManifest.xml:33:13-43
132            android:value="yes" />
132-->[com.huawei.hms:availableupdate:6.1.0.300] AndroidManifest.xml:34:13-32
133
134        <provider
134-->[com.huawei.hms:availableupdate:6.1.0.300] AndroidManifest.xml:36:9-41:20
135            android:name="com.huawei.hms.update.provider.UpdateProvider"
135-->[com.huawei.hms:availableupdate:6.1.0.300] AndroidManifest.xml:37:13-73
136            android:authorities="com.class_project.stupa.hms.update.provider"
136-->[com.huawei.hms:availableupdate:6.1.0.300] AndroidManifest.xml:38:13-71
137            android:exported="false"
137-->[com.huawei.hms:availableupdate:6.1.0.300] AndroidManifest.xml:39:13-37
138            android:grantUriPermissions="true" >
138-->[com.huawei.hms:availableupdate:6.1.0.300] AndroidManifest.xml:40:13-47
139        </provider>
140        <provider
140-->[com.huawei.hms:device:6.1.0.300] AndroidManifest.xml:24:9-28:51
141            android:name="com.huawei.hms.device.provider.CheckHmsProvider"
141-->[com.huawei.hms:device:6.1.0.300] AndroidManifest.xml:25:13-75
142            android:authorities="com.class_project.stupa.hms.device.validate.spoofprovider"
142-->[com.huawei.hms:device:6.1.0.300] AndroidManifest.xml:26:13-85
143            android:exported="false"
143-->[com.huawei.hms:device:6.1.0.300] AndroidManifest.xml:27:13-37
144            android:grantUriPermissions="false" />
144-->[com.huawei.hms:device:6.1.0.300] AndroidManifest.xml:28:13-48
145        <provider
145-->[com.huawei.agconnect:agconnect-core:1.5.2.300] AndroidManifest.xml:11:9-14:40
146            android:name="com.huawei.agconnect.core.provider.AGConnectInitializeProvider"
146-->[com.huawei.agconnect:agconnect-core:1.5.2.300] AndroidManifest.xml:12:13-90
147            android:authorities="com.class_project.stupa.AGCInitializeProvider"
147-->[com.huawei.agconnect:agconnect-core:1.5.2.300] AndroidManifest.xml:13:13-73
148            android:exported="false" />
148-->[com.huawei.agconnect:agconnect-core:1.5.2.300] AndroidManifest.xml:14:13-37
149
150        <service
150-->[com.huawei.agconnect:agconnect-core:1.5.2.300] AndroidManifest.xml:16:9-18:40
151            android:name="com.huawei.agconnect.core.ServiceDiscovery"
151-->[com.huawei.agconnect:agconnect-core:1.5.2.300] AndroidManifest.xml:17:13-70
152            android:exported="false" />
152-->[com.huawei.agconnect:agconnect-core:1.5.2.300] AndroidManifest.xml:18:13-37
153
154        <meta-data
154-->[com.huawei.hms:ads-lite:13.4.50.300] AndroidManifest.xml:13:9-15:52
155            android:name="com.huawei.hms.client.service.name:ads-lite"
155-->[com.huawei.hms:ads-lite:13.4.50.300] AndroidManifest.xml:14:13-71
156            android:value="ads-lite:13.4.50.300" />
156-->[com.huawei.hms:ads-lite:13.4.50.300] AndroidManifest.xml:15:13-49
157        <meta-data
157-->[com.huawei.hms:ads-core:3.4.50.300] AndroidManifest.xml:34:9-36:35
158            android:name="hw.theme_type"
158-->[com.huawei.hms:ads-core:3.4.50.300] AndroidManifest.xml:35:13-41
159            android:value="273" />
159-->[com.huawei.hms:ads-core:3.4.50.300] AndroidManifest.xml:36:13-32
160        <meta-data
160-->[com.huawei.hms:ads-core:3.4.50.300] AndroidManifest.xml:37:9-39:72
161            android:name="permission.reason.android.permission-group.CALENDAR"
161-->[com.huawei.hms:ads-core:3.4.50.300] AndroidManifest.xml:38:13-79
162            android:resource="@string/hiad_calender_description_new" />
162-->[com.huawei.hms:ads-core:3.4.50.300] AndroidManifest.xml:39:13-69
163
164        <uses-library
164-->[com.huawei.hms:ads-core:3.4.50.300] AndroidManifest.xml:41:9-43:40
165            android:name="org.apache.http.legacy"
165-->[com.huawei.hms:ads-core:3.4.50.300] AndroidManifest.xml:42:13-50
166            android:required="false" />
166-->[com.huawei.hms:ads-core:3.4.50.300] AndroidManifest.xml:43:13-37
167
168        <provider
168-->[com.huawei.hms:ads-core:3.4.50.300] AndroidManifest.xml:45:9-49:50
169            android:name="com.huawei.openalliance.ad.ppskit.provider.PPSInstallFileProvider"
169-->[com.huawei.hms:ads-core:3.4.50.300] AndroidManifest.xml:46:13-93
170            android:authorities="com.class_project.stupa.hiad.fileprovider"
170-->[com.huawei.hms:ads-core:3.4.50.300] AndroidManifest.xml:47:13-69
171            android:exported="false"
171-->[com.huawei.hms:ads-core:3.4.50.300] AndroidManifest.xml:48:13-37
172            android:grantUriPermissions="true" />
172-->[com.huawei.hms:ads-core:3.4.50.300] AndroidManifest.xml:49:13-47
173        <provider
173-->[com.huawei.hms:ads-core:3.4.50.300] AndroidManifest.xml:50:9-53:40
174            android:name="com.huawei.openalliance.ad.ppskit.provider.InnerApiProvider"
174-->[com.huawei.hms:ads-core:3.4.50.300] AndroidManifest.xml:51:13-87
175            android:authorities="com.class_project.stupa.pps.innerapiprovider"
175-->[com.huawei.hms:ads-core:3.4.50.300] AndroidManifest.xml:52:13-72
176            android:exported="false" />
176-->[com.huawei.hms:ads-core:3.4.50.300] AndroidManifest.xml:53:13-37
177
178        <service
178-->[com.huawei.hms:ads-core:3.4.50.300] AndroidManifest.xml:55:9-61:19
179            android:name="com.huawei.android.hms.ppskit.PpsCoreService"
179-->[com.huawei.hms:ads-core:3.4.50.300] AndroidManifest.xml:56:13-72
180            android:exported="false" >
180-->[com.huawei.hms:ads-core:3.4.50.300] AndroidManifest.xml:57:13-37
181            <intent-filter>
181-->[com.huawei.hms:ads-core:3.4.50.300] AndroidManifest.xml:58:13-60:29
182                <action android:name="com.huawei.android.hms.ppskit.PPS_API_SERVICE" />
182-->[com.huawei.hms:ads-core:3.4.50.300] AndroidManifest.xml:59:17-88
182-->[com.huawei.hms:ads-core:3.4.50.300] AndroidManifest.xml:59:25-85
183            </intent-filter>
184        </service>
185
186        <activity
186-->[com.huawei.hms:ads-core:3.4.50.300] AndroidManifest.xml:63:9-75:20
187            android:name="com.huawei.openalliance.ad.ppskit.activity.InstallActivity"
187-->[com.huawei.hms:ads-core:3.4.50.300] AndroidManifest.xml:64:13-86
188            android:configChanges="mcc|mnc|keyboard|keyboardHidden|navigation|screenLayout|screenSize|smallestScreenSize|orientation"
188-->[com.huawei.hms:ads-core:3.4.50.300] AndroidManifest.xml:65:13-134
189            android:excludeFromRecents="true"
189-->[com.huawei.hms:ads-core:3.4.50.300] AndroidManifest.xml:66:13-46
190            android:exported="false"
190-->[com.huawei.hms:ads-core:3.4.50.300] AndroidManifest.xml:67:13-37
191            android:theme="@android:style/Theme.Light.NoTitleBar" >
191-->[com.huawei.hms:ads-core:3.4.50.300] AndroidManifest.xml:68:13-66
192            <meta-data
192-->[com.huawei.hms:ads-core:3.4.50.300] AndroidManifest.xml:69:13-71:82
193                android:name="hwc-theme"
193-->[com.huawei.hms:ads-core:3.4.50.300] AndroidManifest.xml:70:17-41
194                android:value="androidhwext:style/Theme.Emui.Light.NoTitleBar" />
194-->[com.huawei.hms:ads-core:3.4.50.300] AndroidManifest.xml:71:17-79
195            <meta-data
195-->[com.huawei.hms:ads-core:3.4.50.300] AndroidManifest.xml:72:13-74:83
196                android:name="hnc-theme"
196-->[com.huawei.hms:ads-core:3.4.50.300] AndroidManifest.xml:73:17-41
197                android:value="androidhnext:style/Theme.magic.Light.NoTitleBar" />
197-->[com.huawei.hms:ads-core:3.4.50.300] AndroidManifest.xml:74:17-80
198        </activity>
199        <activity
199-->[com.huawei.hms:ads-core:3.4.50.300] AndroidManifest.xml:76:9-88:20
200            android:name="com.huawei.openalliance.ad.ppskit.activity.HMSSDKInstallActivity"
200-->[com.huawei.hms:ads-core:3.4.50.300] AndroidManifest.xml:77:13-92
201            android:configChanges="mcc|mnc|keyboard|keyboardHidden|navigation|screenLayout|screenSize|smallestScreenSize|orientation"
201-->[com.huawei.hms:ads-core:3.4.50.300] AndroidManifest.xml:78:13-134
202            android:excludeFromRecents="true"
202-->[com.huawei.hms:ads-core:3.4.50.300] AndroidManifest.xml:79:13-46
203            android:exported="false"
203-->[com.huawei.hms:ads-core:3.4.50.300] AndroidManifest.xml:80:13-37
204            android:theme="@android:style/Theme.Light.NoTitleBar" >
204-->[com.huawei.hms:ads-core:3.4.50.300] AndroidManifest.xml:81:13-66
205            <meta-data
205-->[com.huawei.hms:ads-core:3.4.50.300] AndroidManifest.xml:69:13-71:82
206                android:name="hwc-theme"
206-->[com.huawei.hms:ads-core:3.4.50.300] AndroidManifest.xml:70:17-41
207                android:value="androidhwext:style/Theme.Emui.Light.NoTitleBar" />
207-->[com.huawei.hms:ads-core:3.4.50.300] AndroidManifest.xml:71:17-79
208            <meta-data
208-->[com.huawei.hms:ads-core:3.4.50.300] AndroidManifest.xml:72:13-74:83
209                android:name="hnc-theme"
209-->[com.huawei.hms:ads-core:3.4.50.300] AndroidManifest.xml:73:17-41
210                android:value="androidhnext:style/Theme.magic.Light.NoTitleBar" />
210-->[com.huawei.hms:ads-core:3.4.50.300] AndroidManifest.xml:74:17-80
211        </activity>
212        <activity
212-->[com.huawei.hms:ads-core:3.4.50.300] AndroidManifest.xml:89:9-107:20
213            android:name="com.huawei.openalliance.ad.ppskit.activity.PPSActivity"
213-->[com.huawei.hms:ads-core:3.4.50.300] AndroidManifest.xml:90:13-82
214            android:configChanges="screenLayout|screenSize|smallestScreenSize|orientation|keyboardHidden"
214-->[com.huawei.hms:ads-core:3.4.50.300] AndroidManifest.xml:91:13-106
215            android:exported="false"
215-->[com.huawei.hms:ads-core:3.4.50.300] AndroidManifest.xml:92:13-37
216            android:label=" "
216-->[com.huawei.hms:ads-core:3.4.50.300] AndroidManifest.xml:93:13-30
217            android:screenOrientation="portrait" >
217-->[com.huawei.hms:ads-core:3.4.50.300] AndroidManifest.xml:94:13-49
218            <intent-filter>
218-->[com.huawei.hms:ads-core:3.4.50.300] AndroidManifest.xml:95:13-99:29
219                <action android:name="com.huawei.hms.pps.action.PPS_DETAIL" />
219-->[com.huawei.hms:ads-core:3.4.50.300] AndroidManifest.xml:96:17-79
219-->[com.huawei.hms:ads-core:3.4.50.300] AndroidManifest.xml:96:25-76
220
221                <category android:name="android.intent.category.DEFAULT" />
221-->[com.huawei.hms:ads-core:3.4.50.300] AndroidManifest.xml:98:17-76
221-->[com.huawei.hms:ads-core:3.4.50.300] AndroidManifest.xml:98:27-73
222            </intent-filter>
223
224            <meta-data
224-->[com.huawei.hms:ads-core:3.4.50.300] AndroidManifest.xml:69:13-71:82
225                android:name="hwc-theme"
225-->[com.huawei.hms:ads-core:3.4.50.300] AndroidManifest.xml:70:17-41
226                android:value="androidhwext:style/Theme.Emui" />
226-->[com.huawei.hms:ads-core:3.4.50.300] AndroidManifest.xml:71:17-79
227            <meta-data
227-->[com.huawei.hms:ads-core:3.4.50.300] AndroidManifest.xml:72:13-74:83
228                android:name="hnc-theme"
228-->[com.huawei.hms:ads-core:3.4.50.300] AndroidManifest.xml:73:17-41
229                android:value="androidhnext:style/Theme.magic" />
229-->[com.huawei.hms:ads-core:3.4.50.300] AndroidManifest.xml:74:17-80
230        </activity>
231        <activity
231-->[com.huawei.hms:ads-core:3.4.50.300] AndroidManifest.xml:108:9-120:20
232            android:name="com.huawei.openalliance.ad.ppskit.activity.InnerPPSActivity"
232-->[com.huawei.hms:ads-core:3.4.50.300] AndroidManifest.xml:109:13-87
233            android:configChanges="mcc|mnc|keyboard|keyboardHidden|navigation|screenLayout|screenSize|smallestScreenSize|orientation"
233-->[com.huawei.hms:ads-core:3.4.50.300] AndroidManifest.xml:110:13-134
234            android:exported="false"
234-->[com.huawei.hms:ads-core:3.4.50.300] AndroidManifest.xml:111:13-37
235            android:label=" "
235-->[com.huawei.hms:ads-core:3.4.50.300] AndroidManifest.xml:112:13-30
236            android:screenOrientation="portrait" >
236-->[com.huawei.hms:ads-core:3.4.50.300] AndroidManifest.xml:113:13-49
237            <meta-data
237-->[com.huawei.hms:ads-core:3.4.50.300] AndroidManifest.xml:69:13-71:82
238                android:name="hwc-theme"
238-->[com.huawei.hms:ads-core:3.4.50.300] AndroidManifest.xml:70:17-41
239                android:value="androidhwext:style/Theme.Emui" />
239-->[com.huawei.hms:ads-core:3.4.50.300] AndroidManifest.xml:71:17-79
240            <meta-data
240-->[com.huawei.hms:ads-core:3.4.50.300] AndroidManifest.xml:72:13-74:83
241                android:name="hnc-theme"
241-->[com.huawei.hms:ads-core:3.4.50.300] AndroidManifest.xml:73:17-41
242                android:value="androidhnext:style/Theme.magic" />
242-->[com.huawei.hms:ads-core:3.4.50.300] AndroidManifest.xml:74:17-80
243        </activity>
244        <activity
244-->[com.huawei.hms:ads-core:3.4.50.300] AndroidManifest.xml:121:9-133:20
245            android:name="com.huawei.openalliance.ad.ppskit.activity.InnerPPSArActivity"
245-->[com.huawei.hms:ads-core:3.4.50.300] AndroidManifest.xml:122:13-89
246            android:configChanges="mcc|mnc|keyboard|keyboardHidden|navigation|screenLayout|screenSize|smallestScreenSize|orientation"
246-->[com.huawei.hms:ads-core:3.4.50.300] AndroidManifest.xml:123:13-134
247            android:exported="false"
247-->[com.huawei.hms:ads-core:3.4.50.300] AndroidManifest.xml:124:13-37
248            android:label=" "
248-->[com.huawei.hms:ads-core:3.4.50.300] AndroidManifest.xml:125:13-30
249            android:screenOrientation="portrait" >
249-->[com.huawei.hms:ads-core:3.4.50.300] AndroidManifest.xml:126:13-49
250            <meta-data
250-->[com.huawei.hms:ads-core:3.4.50.300] AndroidManifest.xml:69:13-71:82
251                android:name="hwc-theme"
251-->[com.huawei.hms:ads-core:3.4.50.300] AndroidManifest.xml:70:17-41
252                android:value="androidhwext:style/Theme.Emui" />
252-->[com.huawei.hms:ads-core:3.4.50.300] AndroidManifest.xml:71:17-79
253            <meta-data
253-->[com.huawei.hms:ads-core:3.4.50.300] AndroidManifest.xml:72:13-74:83
254                android:name="hnc-theme"
254-->[com.huawei.hms:ads-core:3.4.50.300] AndroidManifest.xml:73:17-41
255                android:value="androidhnext:style/Theme.magic" />
255-->[com.huawei.hms:ads-core:3.4.50.300] AndroidManifest.xml:74:17-80
256        </activity>
257        <activity
257-->[com.huawei.hms:ads-core:3.4.50.300] AndroidManifest.xml:134:9-155:20
258            android:name="com.huawei.openalliance.ad.ppskit.activity.PPSRewardActivity"
258-->[com.huawei.hms:ads-core:3.4.50.300] AndroidManifest.xml:135:13-88
259            android:configChanges="mcc|mnc|keyboard|keyboardHidden|navigation|screenLayout|screenSize|smallestScreenSize|orientation|uiMode"
259-->[com.huawei.hms:ads-core:3.4.50.300] AndroidManifest.xml:136:13-141
260            android:exported="false"
260-->[com.huawei.hms:ads-core:3.4.50.300] AndroidManifest.xml:137:13-37
261            android:screenOrientation="behind"
261-->[com.huawei.hms:ads-core:3.4.50.300] AndroidManifest.xml:138:13-47
262            android:theme="@style/HiAdThemeNoActionBarFullScreen" >
262-->[com.huawei.hms:ads-core:3.4.50.300] AndroidManifest.xml:139:13-66
263            <intent-filter>
263-->[com.huawei.hms:ads-core:3.4.50.300] AndroidManifest.xml:140:13-144:29
264                <action android:name="com.huawei.hms.pps.action.PPS_REWARD" />
264-->[com.huawei.hms:ads-core:3.4.50.300] AndroidManifest.xml:141:17-79
264-->[com.huawei.hms:ads-core:3.4.50.300] AndroidManifest.xml:141:25-76
265
266                <category android:name="android.intent.category.DEFAULT" />